Arguments: 
  /home/ben/.nvm/versions/node/v10.17.0/bin/node /usr/share/yarn/bin/yarn.js add glmatrix

PATH: 
  /home/ben/.yarn/bin:/home/ben/.vscode-server/bin/e5a624b788d92b8d34d1392e4c4d9789406efe8f/bin:/home/ben/.sdkman/candidates/gradle/current/bin:/home/ben/.nvm/versions/node/v10.17.0/bin:/usr/local/sbin:/usr/local/bin:/usr/sbin:/usr/bin:/sbin:/bin:/usr/games:/usr/local/games:/mnt/c/Program Files/Oculus/Support/oculus-runtime:/mnt/c/Program Files (x86)/Common Files/Intel/Shared Libraries/redist/intel64/compiler:/mnt/c/Python27/:/mnt/c/Python27/Scripts:/mnt/c/Windows/system32:/mnt/c/Windows:/mnt/c/Windows/System32/Wbem:/mnt/c/Windows/System32/WindowsPowerShell/v1.0/:/mnt/c/Windows/System32/OpenSSH/:/mnt/c/Program Files/NVIDIA Corporation/NVIDIA NGX:/mnt/c/Program Files/NVIDIA Corporation/NVIDIA NvDLISR:/mnt/c/ProgramData/chocolatey/bin:/mnt/c/WINDOWS/system32:/mnt/c/WINDOWS:/mnt/c/WINDOWS/System32/Wbem:/mnt/c/WINDOWS/System32/WindowsPowerShell/v1.0/:/mnt/c/WINDOWS/System32/OpenSSH/:/mnt/c/Program Files/nodejs/:/mnt/c/Program Files/OpenJDK/openjdk-8u262-b10/bin:/mnt/c/Program Files (x86)/Yarn/bin/:/mnt/c/Program Files/PostgreSQL/13/bin:/mnt/c/Program Files/Git/cmd:/mnt/c/Program Files/Docker/Docker/resources/bin:/mnt/c/ProgramData/DockerDesktop/version-bin:/mnt/c/Ruby27-x64/bin:/mnt/c/Users/benyo/AppData/Local/Microsoft/WindowsApps:/mnt/c/Users/benyo/AppData/Local/Programs/Microsoft VS Code/bin:/mnt/c/Users/benyo/AppData/Local/hyper/app-3.0.2/resources/bin:/mnt/c/Users/benyo/AppData/Local/GitHubDesktop/bin:/mnt/c/Program Files/MongoDB/Server/4.2/bin:/mnt/c/Users/benyo/AppData/Local/Android/Sdk/platform-tools:/mnt/c/Users/benyo/AppData/Roaming/npm:/mnt/c/Users/benyo/AppData/Local/Yarn/bin:/mnt/c/Users/benyo/AppData/Local/Android/Sdk/platform-tools:/home/ben/Android/platform-tools:/home/ben/Android/cmdline-tools/tools/bin:/home/ben/Android/platform-tools:/home/ben/Android/cmdline-tools/tools/bin

Yarn version: 
  1.22.5

Node version: 
  10.17.0

Platform: 
  linux x64

Trace: 
  Error: https://registry.yarnpkg.com/glmatrix: Not found
      at Request.params.callback [as _callback] (/usr/share/yarn/lib/cli.js:66988:18)
      at Request.self.callback (/usr/share/yarn/lib/cli.js:140749:22)
      at Request.emit (events.js:198:13)
      at Request.<anonymous> (/usr/share/yarn/lib/cli.js:141721:10)
      at Request.emit (events.js:198:13)
      at IncomingMessage.<anonymous> (/usr/share/yarn/lib/cli.js:141643:12)
      at Object.onceWrapper (events.js:286:20)
      at IncomingMessage.emit (events.js:203:15)
      at endReadableNT (_stream_readable.js:1143:12)
      at process._tickCallback (internal/process/next_tick.js:63:19)

npm manifest: 
  {
    "name": "plotter",
    "version": "1.0.0",
    "main": "index.js",
    "license": "MIT",
    "dependencies": {
      "svg5": "^0.1.3"
    }
  }

yarn manifest: 
  No manifest

Lockfile: 
  # THIS IS AN AUTOGENERATED FILE. DO NOT EDIT THIS FILE DIRECTLY.
  # yarn lockfile v1
  
  
  svg5@^0.1.3:
    version "0.1.3"
    resolved "https://registry.yarnpkg.com/svg5/-/svg5-0.1.3.tgz#a36ba2a0e4bdca587bf96b1a9d09c2f3657b07f3"
    integrity sha512-NxnIevEatoW6z+dK7dZS4PXB5O8J2wqmdcnrCmOHSNmwXGmFMfr2PkfMD2Mg4/Pt4vxs65WMWcv2xdMnm/zygg==
